<?xml version='1.0'?>
<ns2:test-suite xmlns:ns2='urn:model.allure.qatools.yandex.ru' start='1696340158350' stop='1696340158413'>
    <name>Test Case</name>
    <title>Test Case</title>
    <test-cases>
        <test-case start='1696340158350' status='failed' stop='1696340176801'>
            <name>Go to empty basket</name>
            <title>Go to empty basket</title>
            <labels>
                <label name='severity' value='undefined'/>
            </labels>
            <parameters>
                <parameter kind='argument' name='User Agent' value='Firefox 118.0 / Windows 10'/>
            </parameters>
            <steps/>
            <attachments/>
            <failure>
                <message>AssertionError: expected false to be truthy</message>
                <stack-trace>AssertionError: expected false to be truthy
                
                Browser: Firefox 118.0 / Windows 10
                
                   35 |        
                   36 |    }
                   37 |    async goToEmptyBasket() {
                   38 |        await t
                   39 |        .click(this.basketNav)
                 > 40 |        .expect(this.basketWindow.visible).ok()
                   41 |        .click(this.goToBasketBtn)
                   42 |        .expect(this.basketHeader.visible).ok()
                   43 |    }
                   44 |
                   45 |    async addOneNonPromotionalItem (){
                
                   at &lt;anonymous> (E:\testcafe\pages\HomePage.js:40:44)
                   at asyncGeneratorStep (E:\testcafe\pages\HomePage.js:2:45)
                   at _next (E:\testcafe\pages\HomePage.js:2:45)
                   at &lt;anonymous> (E:\testcafe\pages\HomePage.js:2:45)
                   at &lt;anonymous> (E:\testcafe\pages\HomePage.js:2:45)
                   at HomePage.goToEmptyBasket [as goToEmptyBasket] (E:\testcafe\pages\HomePage.js:42:48)
                   at &lt;anonymous> (E:\testcafe\tests\testcase.js:15:24)
                   at asyncGeneratorStep (E:\testcafe\tests\testcase.js:2:42)
                   at _next (E:\testcafe\tests\testcase.js:2:42)</stack-trace>
            </failure>
        </test-case>
    </test-cases>
</ns2:test-suite>